Arguments: 
  E:\node.js\node.exe C:\Users\Administrator\AppData\Roaming\npm\node_modules\yarn\bin\yarn.js add wxa-plugin-canvas --production

PATH: 
  "C:\Program Files (x86)\Common Files\Oracle\Java\javapath;E:\tomcat32\apache-tomcat-9.0.19\bin;";C:\Program Files (x86)\Python37-32\Scripts\;C:\Program Files (x86)\Python37-32\;C:\Windows\system32;C:\Windows;C:\Windows\System32\Wbem;C:\Windows\System32\WindowsPowerShell\v1.0\;C:\Program Files (x86)\NVIDIA Corporation\PhysX\Common;C:\WINDOWS\system32;C:\WINDOWS;C:\WINDOWS\System32\Wbem;C:\WINDOWS\System32\WindowsPowerShell\v1.0\;C:\WINDOWS\System32\OpenSSH\;C:\Program Files\Microsoft SQL Server\130\Tools\Binn\;E:\server\mysql\bin;E:\server\Apache24\bin;E:\server\php7;E:\jdk1.8\bin;E:\jdk1.8\jre\bin;E:\node.js\;E:\Git\cmd;E:\乌龟\bin;%MYSQL_HOME%\bin;E:\WAMP\bin\mysql\mysql5.7.24\bin;E:\tomcat32\apache-tomcat-9.0.19\bin;C:\Go\bin;E:\tomcat32\apache-tomcat-9.0.19\bin;E:\MongoDB\bin;E:\flutter\flutter\bin;E:\yeshen\Nox\bin;"C:\Users\Administrator\AppData\Local\Android\Sdk\tools;C:\Users\Administrator\AppData\Local\Android\Sdk\platform-tools;";F:\;C:\Users\Administrator\AppData\Local\Microsoft\WindowsApps;C:\Users\Administrator\AppData\Local\GitHubDesktop\bin;C:\Program Files\MySQL\MySQL Server 8.0\bin;C:\Program Files\MySQL\MySQL Server 8.0\bin;C:\Users\Administrator\AppData\Roaming\npm;E:\Vs code\Microsoft VS Code\bin;C:\Users\Administrator\go\bin

Yarn version: 
  1.15.2

Node version: 
  10.14.1

Platform: 
  win32 x64

Trace: 
  SyntaxError: G:\360MoveData\Users\Administrator\Desktop\code\Mica`s Blog\mini-blog\miniprogram\package.json: Unexpected end of JSON input
      at JSON.parse (<anonymous>)
      at C:\Users\Administrator\AppData\Roaming\npm\node_modules\yarn\lib\cli.js:1625:59
      at Generator.next (<anonymous>)
      at step (C:\Users\Administrator\AppData\Roaming\npm\node_modules\yarn\lib\cli.js:304:30)
      at C:\Users\Administrator\AppData\Roaming\npm\node_modules\yarn\lib\cli.js:315:13

npm manifest: 
  

yarn manifest: 
  No manifest

Lockfile: 
  No lockfile
